[debug] [2018-02-25T15:30:03.237Z] ----------------------------------------------------------------------
[debug] [2018-02-25T15:30:03.239Z] Command:       /Users/madeleinecassidy/.nvm/versions/node/v7.10.1/bin/node /usr/local/bin/firebase serve --only hosting,functions
[debug] [2018-02-25T15:30:03.239Z] CLI Version:   3.17.4
[debug] [2018-02-25T15:30:03.239Z] Platform:      darwin
[debug] [2018-02-25T15:30:03.239Z] Node Version:  v7.10.1
[debug] [2018-02-25T15:30:03.240Z] Time:          Sun Feb 25 2018 10:30:03 GMT-0500 (EST)
[debug] [2018-02-25T15:30:03.240Z] ----------------------------------------------------------------------
[debug] 
[debug] [2018-02-25T15:30:03.251Z] > command requires scopes: ["email","openid","https://www.googleapis.com/auth/cloudplatformprojects.readonly","https://www.googleapis.com/auth/firebase","https://www.googleapis.com/auth/cloud-platform"]
[debug] [2018-02-25T15:30:03.251Z] > authorizing via signed-in user
[debug] [2018-02-25T15:30:03.253Z] > refreshing access token with scopes: ["email","https://www.googleapis.com/auth/cloud-platform","https://www.googleapis.com/auth/cloudplatformprojects.readonly","https://www.googleapis.com/auth/firebase","openid"]
[debug] [2018-02-25T15:30:03.254Z] >>> HTTP REQUEST POST https://www.googleapis.com/oauth2/v3/token  
 { refresh_token: '1/-td99namhCz8waJ7CHWR6HJsbE1hhJSR2ZO1IrBN4rE',
  client_id: '563584335869-fgrhgmd47bqnekij5i8b5pr03ho849e6.apps.googleusercontent.com',
  client_secret: 'j9iVZfS8kkCEFUPaAeJV0sAi',
  grant_type: 'refresh_token',
  scope: 'email https://www.googleapis.com/auth/cloud-platform https://www.googleapis.com/auth/cloudplatformprojects.readonly https://www.googleapis.com/auth/firebase openid' } 
 Sun Feb 25 2018 10:30:03 GMT-0500 (EST)
[debug] [2018-02-25T15:30:03.537Z] <<< HTTP RESPONSE 200
[debug] [2018-02-25T15:30:03.551Z] >>> HTTP REQUEST GET https://admin.firebase.com/v1/projects/ckd-admin  
  
 Sun Feb 25 2018 10:30:03 GMT-0500 (EST)
[debug] [2018-02-25T15:30:04.022Z] <<< HTTP RESPONSE 200
[debug] [2018-02-25T15:30:04.023Z] >>> HTTP REQUEST GET https://admin.firebase.com/v1/database/ckd-admin/tokens  
  
 Sun Feb 25 2018 10:30:04 GMT-0500 (EST)
[debug] [2018-02-25T15:30:04.874Z] <<< HTTP RESPONSE 200
[info] 
[info] === Serving from '/Users/madeleinecassidy/Desktop/SocialDialysis/CKDApp/website'...
[info] 
[warn] ⚠  functions: Cannot start emulator. Error: The module '/usr/local/lib/node_modules/grpc/src/node/extension_binary/grpc_node.node'
was compiled against a different Node.js version using
NODE_MODULE_VERSION 57. This version of Node.js requires
NODE_MODULE_VERSION 51. Please try re-compiling or re-installing
the module (for instance, using `npm rebuild` or`npm install`).
[debug] [2018-02-25T15:30:05.102Z] >>> HTTP REQUEST GET https://cloudresourcemanager.googleapis.com/v1/projects/ckd-admin  
  
 Sun Feb 25 2018 10:30:05 GMT-0500 (EST)
[debug] [2018-02-25T15:30:05.412Z] <<< HTTP RESPONSE 200
[debug] [2018-02-25T15:30:05.413Z] >>> HTTP REQUEST GET https://mobilesdk-pa.googleapis.com/v1/projects/338960764238/clients/_:getWebAppConfig  
  
 Sun Feb 25 2018 10:30:05 GMT-0500 (EST)
[debug] [2018-02-25T15:30:05.820Z] <<< HTTP RESPONSE 200
[info] i  hosting: Serving hosting files from: public
[info] ✔  hosting: Local server: http://localhost:5000

